<?xml version="1.0" encoding="UTF-8"?>
<!-- Generated by org.testng.reporters.JUnitXMLReporter -->
<testsuite ignored="0" hostname="DESKTOP-BP8B69J" failures="0" tests="5" name="Test" time="58.658" errors="0" timestamp="2025-03-23T22:54:31 IST">
  <testcase classname="testCases.TC003_LoginDDT" name="verify_LoginDDT" time="3.129"/>
  <testcase classname="testCases.TC003_LoginDDT" name="verify_LoginDDT" time="11.791"/>
  <testcase classname="testCases.TC003_LoginDDT" name="verify_LoginDDT" time="11.053"/>
  <testcase classname="testCases.TC003_LoginDDT" name="verify_LoginDDT" time="11.713"/>
  <testcase classname="testCases.TC003_LoginDDT" name="verify_LoginDDT" time="11.451"/>
</testsuite> <!-- Test -->
