<?xml version="1.0" encoding="UTF-8"?>
<testng-results ignored="0" total="5" passed="5" failed="0" skipped="0">
  <reporter-output>
  </reporter-output>
  <suite started-at="2025-03-23T22:53:33 IST" name="Master Suite" finished-at="2025-03-23T22:54:31 IST" duration-ms="58658">
    <groups>
    </groups>
    <test started-at="2025-03-23T22:53:33 IST" name="Test" finished-at="2025-03-23T22:54:31 IST" duration-ms="58658">
      <class name="testCases.TC003_LoginDDT">
        <test-method is-config="true" signature="setup(java.lang.String,java.lang.String)[pri:0, instance:testCases.TC003_LoginDDT@24bdb479]" started-at="2025-03-23T22:53:33 IST" name="setup" finished-at="2025-03-23T22:53:39 IST" duration-ms="5738" status="PASS">
          <params>
            <param index="0">
              <value>
                <![CDATA[Windows]]>
              </value>
            </param>
            <param index="1">
              <value>
                <![CDATA[chrome]]>
              </value>
            </param>
          </params>
          <reporter-output>
          </reporter-output>
        </test-method> <!-- setup -->
        <test-method signature="verify_LoginDDT(java.lang.String,java.lang.String,java.lang.String)[pri:0, instance:testCases.TC003_LoginDDT@24bdb479]" started-at="2025-03-23T22:53:42 IST" name="verify_LoginDDT" data-provider="LoginData" finished-at="2025-03-23T22:53:45 IST" duration-ms="3129" status="PASS">
          <params>
            <param index="0">
              <value>
                <![CDATA[gowthamvenkatesan2@gmail.com]]>
              </value>
            </param>
            <param index="1">
              <value>
                <![CDATA[Gowtham@123xyz]]>
              </value>
            </param>
            <param index="2">
              <value>
                <![CDATA[Valid]]>
              </value>
            </param>
          </params>
          <reporter-output>
          </reporter-output>
        </test-method> <!-- verify_LoginDDT -->
        <test-method signature="verify_LoginDDT(java.lang.String,java.lang.String,java.lang.String)[pri:0, instance:testCases.TC003_LoginDDT@24bdb479]" started-at="2025-03-23T22:53:45 IST" name="verify_LoginDDT" data-provider="LoginData" finished-at="2025-03-23T22:53:57 IST" duration-ms="11791" status="PASS">
          <params>
            <param index="0">
              <value>
                <![CDATA[abc123@gmail.com]]>
              </value>
            </param>
            <param index="1">
              <value>
                <![CDATA[testet]]>
              </value>
            </param>
            <param index="2">
              <value>
                <![CDATA[Invalid]]>
              </value>
            </param>
          </params>
          <reporter-output>
          </reporter-output>
        </test-method> <!-- verify_LoginDDT -->
        <test-method signature="verify_LoginDDT(java.lang.String,java.lang.String,java.lang.String)[pri:0, instance:testCases.TC003_LoginDDT@24bdb479]" started-at="2025-03-23T22:53:57 IST" name="verify_LoginDDT" data-provider="LoginData" finished-at="2025-03-23T22:54:08 IST" duration-ms="11053" status="PASS">
          <params>
            <param index="0">
              <value>
                <![CDATA[abc1235@gmail.com]]>
              </value>
            </param>
            <param index="1">
              <value>
                <![CDATA[restrest]]>
              </value>
            </param>
            <param index="2">
              <value>
                <![CDATA[Invalid]]>
              </value>
            </param>
          </params>
          <reporter-output>
          </reporter-output>
        </test-method> <!-- verify_LoginDDT -->
        <test-method signature="verify_LoginDDT(java.lang.String,java.lang.String,java.lang.String)[pri:0, instance:testCases.TC003_LoginDDT@24bdb479]" started-at="2025-03-23T22:54:08 IST" name="verify_LoginDDT" data-provider="LoginData" finished-at="2025-03-23T22:54:20 IST" duration-ms="11713" status="PASS">
          <params>
            <param index="0">
              <value>
                <![CDATA[abc123xyz@gmail.com]]>
              </value>
            </param>
            <param index="1">
              <value>
                <![CDATA[bestbest]]>
              </value>
            </param>
            <param index="2">
              <value>
                <![CDATA[Invalid]]>
              </value>
            </param>
          </params>
          <reporter-output>
          </reporter-output>
        </test-method> <!-- verify_LoginDDT -->
        <test-method signature="verify_LoginDDT(java.lang.String,java.lang.String,java.lang.String)[pri:0, instance:testCases.TC003_LoginDDT@24bdb479]" started-at="2025-03-23T22:54:20 IST" name="verify_LoginDDT" data-provider="LoginData" finished-at="2025-03-23T22:54:31 IST" duration-ms="11451" status="PASS">
          <params>
            <param index="0">
              <value>
                <![CDATA[xyz123@gmail.com]]>
              </value>
            </param>
            <param index="1">
              <value>
                <![CDATA[worst]]>
              </value>
            </param>
            <param index="2">
              <value>
                <![CDATA[Invalid]]>
              </value>
            </param>
          </params>
          <reporter-output>
          </reporter-output>
        </test-method> <!-- verify_LoginDDT -->
        <test-method is-config="true" signature="tearDown()[pri:0, instance:testCases.TC003_LoginDDT@24bdb479]" started-at="2025-03-23T22:54:31 IST" name="tearDown" finished-at="2025-03-23T22:54:31 IST" duration-ms="346" status="PASS">
          <reporter-output>
          </reporter-output>
        </test-method> <!-- tearDown -->
      </class> <!-- testCases.TC003_LoginDDT -->
    </test> <!-- Test -->
  </suite> <!-- Master Suite -->
</testng-results>
